<?xml version="1.0" encoding="UTF-8"?>
<testng-results skipped="0" failed="0" total="1" passed="1">
  <reporter-output>
  </reporter-output>
  <suite name="Default suite" duration-ms="105578" started-at="2020-02-12T07:52:49Z" finished-at="2020-02-12T07:54:34Z">
    <groups>
    </groups>
    <test name="Default test" duration-ms="105578" started-at="2020-02-12T07:52:49Z" finished-at="2020-02-12T07:54:34Z">
      <class name="driverScript.AppTest">
        <test-method status="PASS" signature="f()[pri:0, instance:driverScript.AppTest@f6c48ac]" name="f" duration-ms="105535" started-at="2020-02-12T13:22:49Z" finished-at="2020-02-12T13:24:34Z">
          <reporter-output>
          </reporter-output>
        </test-method> <!-- f -->
      </class> <!-- driverScript.AppTest -->
    </test> <!-- Default test -->
  </suite> <!-- Default suite -->
</testng-results>
